[2024-09-15 08:23:45] INFO: Starting Jenkins build #247
[2024-09-15 08:23:45] INFO: Workspace: /var/lib/jenkins/workspace/legacy-payment-service
[2024-09-15 08:23:45] INFO: Branch: feature/deprecated-api-cleanup
[2024-09-15 08:23:46] INFO: Git commit: a7f9d2e8c4b1f6a3e5d8c9b2a1f4e7d6c8b5a3f2
[2024-09-15 08:23:46] INFO: Triggered by: upstream project 'data-migration-job'
[2024-09-15 08:23:47] INFO: Checking out source code from repository
[2024-09-15 08:23:48] INFO: Fetching changes from remote origin
[2024-09-15 08:23:49] INFO: Using credentials: jenkins-deploy-key
[2024-09-15 08:23:52] INFO: Checkout complete - 1,847 files retrieved
[2024-09-15 08:23:53] INFO: Setting up build environment
[2024-09-15 08:23:53] INFO: Java version: 1.8.0_192
[2024-09-15 08:23:53] INFO: Maven version: 3.6.1
[2024-09-15 08:23:54] INFO: Node version: 10.16.3
[2024-09-15 08:23:54] INFO: NPM version: 6.9.0
[2024-09-15 08:23:55] INFO: Python version: 2.7.16
[2024-09-15 08:23:56] INFO: Executing pre-build cleanup tasks
[2024-09-15 08:23:57] INFO: Removing temporary build artifacts from previous runs
[2024-09-15 08:23:58] INFO: Cleanup complete - 247MB freed
[2024-09-15 08:23:59] INFO: Starting Maven build process
[2024-09-15 08:24:00] INFO: [INFO] Scanning for projects...
[2024-09-15 08:24:01] INFO: [INFO] ------------------------------------------------------------------------
[2024-09-15 08:24:01] INFO: [INFO] Building Payment Service Core 2.4.8-SNAPSHOT
[2024-09-15 08:24:02] INFO: [INFO] ------------------------------------------------------------------------
[2024-09-15 08:24:03] INFO: [INFO] Downloading dependencies from central repository
[2024-09-15 08:24:05] WARN: [WARNING] Unable to download artifact: org.apache.commons:commons-lang3:3.9
[2024-09-15 08:24:07] INFO: [INFO] Retrying download from mirror repository
[2024-09-15 08:24:12] INFO: [INFO] Downloaded: org.apache.commons:commons-lang3:3.9 (501 KB)
[2024-09-15 08:24:15] INFO: [INFO] Downloaded: com.fasterxml.jackson.core:jackson-databind:2.9.8 (1.3 MB)
[2024-09-15 08:24:18] INFO: [INFO] Downloaded: org.springframework:spring-core:4.3.24.RELEASE (1.0 MB)
[2024-09-15 08:24:21] INFO: [INFO] Downloaded: org.hibernate:hibernate-core:5.3.10.Final (5.6 MB)
[2024-09-15 08:24:25] INFO: [INFO] Compiling 248 source files to target/classes
[2024-09-15 08:24:28] INFO: [INFO] Compiling module: payment-service-api
[2024-09-15 08:24:32] WARN: [WARNING] /src/main/java/com/company/payment/api/PaymentController.java:[47,23] deprecated API usage detected
[2024-09-15 08:24:33] WARN: [WARNING] /src/main/java/com/company/payment/service/TransactionProcessor.java:[156,15] unchecked conversion
[2024-09-15 08:24:35] ERROR: [ERROR] COMPILATION ERROR
[2024-09-15 08:24:35] ERROR: [ERROR] /src/main/java/com/company/payment/service/LegacyPaymentGateway.java:[89,8] error: cannot find symbol
[2024-09-15 08:24:35] ERROR:   symbol:   class PaymentResponse
[2024-09-15 08:24:35] ERROR:   location: class LegacyPaymentGateway
[2024-09-15 08:24:36] ERROR: [ERROR] /src/main/java/com/company/payment/service/LegacyPaymentGateway.java:[92,35] error: incompatible types: String cannot be converted to TransactionId
[2024-09-15 08:24:36] ERROR: [ERROR] /src/main/java/com/company/payment/model/Transaction.java:[134,12] error: method does not override or implement a method from a supertype
[2024-09-15 08:24:37] ERROR: [ERROR] /src/main/java/com/company/payment/dao/PaymentRepository.java:[67,45] error: cannot find symbol
[2024-09-15 08:24:37] ERROR:   symbol:   method getConnection()
[2024-09-15 08:24:37] ERROR:   location: variable dataSource of type DataSource
[2024-09-15 08:24:38] ERROR: [ERROR] /src/main/java/com/company/payment/util/CryptoHelper.java:[28,9] error: unreported exception NoSuchAlgorithmException; must be caught or declared to be thrown
[2024-09-15 08:24:39] INFO: [INFO] Stack trace for compilation errors:
[2024-09-15 08:24:39] ERROR: java.lang.RuntimeException: Compilation failure
[2024-09-15 08:24:39] ERROR:     at org.apache.maven.plugin.compiler.AbstractCompilerMojo.execute(AbstractCompilerMojo.java:1086)
[2024-09-15 08:24:39] ERROR:     at org.apache.maven.plugin.compiler.CompilerMojo.execute(CompilerMojo.java:168)
[2024-09-15 08:24:40] ERROR:     at org.apache.maven.plugin.DefaultBuildPluginManager.executeMojo(DefaultBuildPluginManager.java:137)
[2024-09-15 08:24:40] ERROR:     at org.apache.maven.lifecycle.internal.MojoExecutor.execute(MojoExecutor.java:210)
[2024-09-15 08:24:40] ERROR:     at org.apache.maven.lifecycle.internal.MojoExecutor.execute(MojoExecutor.java:156)
[2024-09-15 08:24:41] ERROR:     at org.apache.maven.lifecycle.internal.MojoExecutor.execute(MojoExecutor.java:148)
[2024-09-15 08:24:41] ERROR:     at org.apache.maven.lifecycle.internal.LifecycleModuleBuilder.buildProject(LifecycleModuleBuilder.java:117)
[2024-09-15 08:24:41] ERROR:     at org.apache.maven.lifecycle.internal.LifecycleModuleBuilder.buildProject(LifecycleModuleBuilder.java:81)
[2024-09-15 08:24:42] ERROR:     at org.apache.maven.lifecycle.internal.builder.singlethreaded.SingleThreadedBuilder.build(SingleThreadedBuilder.java:56)
[2024-09-15 08:24:42] ERROR:     at org.apache.maven.lifecycle.internal.LifecycleStarter.execute(LifecycleStarter.java:128)
[2024-09-15 08:24:42] ERROR:     at org.apache.maven.DefaultMaven.doExecute(DefaultMaven.java:305)
[2024-09-15 08:24:43] ERROR:     at org.apache.maven.DefaultMaven.doExecute(DefaultMaven.java:192)
[2024-09-15 08:24:43] ERROR:     at org.apache.maven.DefaultMaven.execute(DefaultMaven.java:105)
[2024-09-15 08:24:43] ERROR:     at org.apache.maven.cli.MavenCli.execute(MavenCli.java:956)
[2024-09-15 08:24:44] ERROR:     at org.apache.maven.cli.MavenCli.doMain(MavenCli.java:288)
[2024-09-15 08:24:44] ERROR:     at org.apache.maven.cli.MavenCli.main(MavenCli.java:192)
[2024-09-15 08:24:44] ERROR:     at sun.reflect.NativeMethodAccessorImpl.invoke0(Native Method)
[2024-09-15 08:24:45] ERROR:     at sun.reflect.NativeMethodAccessorImpl.invoke(NativeMethodAccessorImpl.java:62)
[2024-09-15 08:24:45] ERROR:     at sun.reflect.DelegatingMethodAccessorImpl.invoke(DelegatingMethodAccessorImpl.java:43)
[2024-09-15 08:24:45] ERROR:     at java.lang.reflect.Method.invoke(Method.java:498)
[2024-09-15 08:24:46] ERROR: [ERROR] Failed to execute goal org.apache.maven.plugins:maven-compiler-plugin:3.8.0:compile (default-compile) on project payment-service-core: Compilation failure
[2024-09-15 08:24:46] ERROR: [ERROR] 5 errors found during compilation
[2024-09-15 08:24:47] INFO: [INFO] Attempting to continue with test compilation despite errors
[2024-09-15 08:24:48] WARN: [WARNING] Tests will be skipped due to compilation failures
[2024-09-15 08:24:49] INFO: [INFO] ------------------------------------------------------------------------
[2024-09-15 08:24:49] ERROR: [INFO] BUILD FAILURE
[2024-09-15 08:24:50] INFO: [INFO] ------------------------------------------------------------------------
[2024-09-15 08:24:50] INFO: [INFO] Total time: 1:55 min
[2024-09-15 08:24:50] INFO: [INFO] Finished at: 2024-09-15T08:24:50+00:00
[2024-09-15 08:24:51] INFO: [INFO] Final Memory: 128M/512M
[2024-09-15 08:24:51] INFO: [INFO] ------------------------------------------------------------------------
[2024-09-15 08:24:52] ERROR: Build step 'Invoke top-level Maven targets' marked build as failure
[2024-09-15 08:24:53] INFO: Performing post-build actions
[2024-09-15 08:24:54] INFO: Recording test results (0 tests executed)
[2024-09-15 08:24:55] INFO: Publishing JUnit test report
[2024-09-15 08:24:56] WARN: No test results found - test execution was skipped
[2024-09-15 08:24:57] INFO: Archiving artifacts
[2024-09-15 08:24:58] INFO: No artifacts found to archive
[2024-09-15 08:24:59] INFO: Sending email notification to: dev-team@company.com
[2024-09-15 08:25:00] INFO: Email subject: Build FAILED - payment-service #247
[2024-09-15 08:25:01] INFO: Updating build status in GitHub
[2024-09-15 08:25:02] INFO: GitHub status updated: failure
[2024-09-15 08:25:03] INFO: Triggering downstream job: notification-service
[2024-09-15 08:25:04] WARN: Downstream job trigger skipped due to build failure
[2024-09-15 08:25:05] INFO: Cleaning up workspace (keeping failed build artifacts)
[2024-09-15 08:25:06] INFO: Workspace cleanup skipped - preserving failure state for analysis
[2024-09-15 08:25:07] INFO: Build completed with status: FAILURE
[2024-09-15 08:25:08] INFO: Duration: 1 minute 55 seconds
[2024-09-15 08:25:09] ERROR: ========================================
[2024-09-15 08:25:09] ERROR: BUILD FAILED
[2024-09-15 08:25:10] ERROR: ========================================
[2024-09-15 08:25:11] INFO: Detailed error analysis:
[2024-09-15 08:25:12] ERROR: Error 1: Missing class PaymentResponse in LegacyPaymentGateway.java
[2024-09-15 08:25:12] ERROR:   This class was likely removed during API refactoring
[2024-09-15 08:25:13] ERROR:   Location: /src/main/java/com/company/payment/service/LegacyPaymentGateway.java:89
[2024-09-15 08:25:13] ERROR:   Suggestion: Update code to use new PaymentResult class or restore PaymentResponse
[2024-09-15 08:25:14] ERROR: Error 2: Type mismatch in TransactionId conversion
[2024-09-15 08:25:14] ERROR:   Attempting to assign String to TransactionId object
[2024-09-15 08:25:15] ERROR:   Location: /src/main/java/com/company/payment/service/LegacyPaymentGateway.java:92
[2024-09-15 08:25:15] ERROR:   Suggestion: Use TransactionId.fromString() or new TransactionId(string)
[2024-09-15 08:25:16] ERROR: Error 3: Invalid override annotation in Transaction.java
[2024-09-15 08:25:16] ERROR:   Method marked with @Override but doesn't override any superclass method
[2024-09-15 08:25:17] ERROR:   Location: /src/main/java/com/company/payment/model/Transaction.java:134
[2024-09-15 08:25:17] ERROR:   Suggestion: Remove @Override annotation or verify inheritance hierarchy
[2024-09-15 08:25:18] ERROR: Error 4: Missing method getConnection() in DataSource
[2024-09-15 08:25:18] ERROR:   DataSource interface may have been updated in newer library version
[2024-09-15 08:25:19] ERROR:   Location: /src/main/java/com/company/payment/dao/PaymentRepository.java:67
[2024-09-15 08:25:19] ERROR:   Suggestion: Check DataSource API documentation for correct method name
[2024-09-15 08:25:20] ERROR: Error 5: Unhandled NoSuchAlgorithmException
[2024-09-15 08:25:20] ERROR:   Checked exception must be caught or declared in method signature
[2024-09-15 08:25:21] ERROR:   Location: /src/main/java/com/company/payment/util/CryptoHelper.java:28
[2024-09-15 08:25:21] ERROR:   Suggestion: Add try-catch block or add exception to method throws clause
[2024-09-15 08:25:22] INFO: Additional context information:
[2024-09-15 08:25:23] INFO: Recent commits in this branch:
[2024-09-15 08:25:24] INFO:   a7f9d2e - Remove deprecated PaymentResponse class (2 hours ago)
[2024-09-15 08:25:24] INFO:   c3e8f1a - Update TransactionId to use value object pattern (3 hours ago)
[2024-09-15 08:25:25] INFO:   b2d7c4f - Refactor data access layer for new connection pool (5 hours ago)
[2024-09-15 08:25:26] INFO:   e9a1b3c - Enhance encryption utilities with new algorithms (6 hours ago)
[2024-09-15 08:25:27] INFO: Known issues in this build:
[2024-09-15 08:25:28] WARN: Issue #1247: Payment service compilation fails after API refactoring
[2024-09-15 08:25:28] WARN:   Status: OPEN, Priority: HIGH, Assigned to: john.developer@company.com
[2024-09-15 08:25:29] WARN: Issue #1251: Legacy gateway needs migration to new response types
[2024-09-15 08:25:29] WARN:   Status: IN_PROGRESS, Priority: MEDIUM, Assigned to: sarah.engineer@company.com
[2024-09-15 08:25:30] INFO: Dependency analysis:
[2024-09-15 08:25:31] INFO: Direct dependencies: 47 artifacts
[2024-09-15 08:25:32] INFO: Transitive dependencies: 218 artifacts
[2024-09-15 08:25:33] INFO: Total dependency size: 156.8 MB
[2024-09-15 08:25:34] WARN: Outdated dependencies detected:
[2024-09-15 08:25:35] WARN:   - org.springframework:spring-core:4.3.24.RELEASE (current: 5.2.8.RELEASE available)
[2024-09-15 08:25:36] WARN:   - com.fasterxml.jackson.core:jackson-databind:2.9.8 (security vulnerability CVE-2019-14540)
[2024-09-15 08:25:37] WARN:   - org.apache.commons:commons-lang3:3.9 (current: 3.11 available)
[2024-09-15 08:25:38] INFO: Code coverage report (from last successful build):
[2024-09-15 08:25:39] INFO:   Line coverage: 67.3%
[2024-09-15 08:25:40] INFO:   Branch coverage: 54.8%
[2024-09-15 08:25:41] INFO:   Method coverage: 71.2%
[2024-09-15 08:25:42] INFO:   Class coverage: 82.5%
[2024-09-15 08:25:43] INFO: Static analysis warnings (from last successful build):
[2024-09-15 08:25:44] WARN:   Checkstyle violations: 127
[2024-09-15 08:25:45] WARN:   PMD violations: 89
[2024-09-15 08:25:46] WARN:   FindBugs warnings: 34 (12 high priority)
[2024-09-15 08:25:47] WARN:   CPD duplications: 23 blocks
[2024-09-15 08:25:48] INFO: Performance metrics from previous builds:
[2024-09-15 08:25:49] INFO:   Average build time: 2 minutes 15 seconds
[2024-09-15 08:25:50] INFO:   Fastest build: 1 minute 42 seconds (build #231)
[2024-09-15 08:25:51] INFO:   Slowest build: 4 minutes 18 seconds (build #219)
[2024-09-15 08:25:52] INFO:   Success rate (last 50 builds): 62%
[2024-09-15 08:25:53] INFO: Build history:
[2024-09-15 08:25:54] INFO:   #246: SUCCESS (30 minutes ago)
[2024-09-15 08:25:55] INFO:   #245: FAILURE (2 hours ago)
[2024-09-15 08:25:56] INFO:   #244: SUCCESS (4 hours ago)
[2024-09-15 08:25:57] INFO:   #243: UNSTABLE (6 hours ago)
[2024-09-15 08:25:58] INFO:   #242: SUCCESS (8 hours ago)
[2024-09-15 08:25:59] INFO: Environment variables used in this build:
[2024-09-15 08:26:00] INFO:   JAVA_HOME=/usr/lib/jvm/java-8-openjdk-amd64
[2024-09-15 08:26:01] INFO:   MAVEN_HOME=/usr/share/maven
[2024-09-15 08:26:02] INFO:   MAVEN_OPTS=-Xmx512m -XX:MaxPermSize=256m
[2024-09-15 08:26:03] INFO:   BUILD_NUMBER=247
[2024-09-15 08:26:04] INFO:   BUILD_ID=247
[2024-09-15 08:26:05] INFO:   JOB_NAME=legacy-payment-service
[2024-09-15 08:26:06] INFO:   WORKSPACE=/var/lib/jenkins/workspace/legacy-payment-service
[2024-09-15 08:26:07] INFO:   NODE_NAME=jenkins-slave-03
[2024-09-15 08:26:08] INFO:   EXECUTOR_NUMBER=2
[2024-09-15 08:26:09] INFO: System information:
[2024-09-15 08:26:10] INFO:   Operating System: Linux 4.15.0-112-generic
[2024-09-15 08:26:11] INFO:   Architecture: amd64
[2024-09-15 08:26:12] INFO:   Available processors: 8
[2024-09-15 08:26:13] INFO:   Free memory: 3847 MB
[2024-09-15 08:26:14] INFO:   Total memory: 8192 MB
[2024-09-15 08:26:15] INFO:   Max memory: 8192 MB
[2024-09-15 08:26:16] INFO:   Disk space available: 45.2 GB
[2024-09-15 08:26:17] INFO:   Current workspace size: 847 MB
[2024-09-15 08:26:18] INFO: SCM polling log:
[2024-09-15 08:26:19] INFO:   Last poll: 2024-09-15 08:20:00
[2024-09-15 08:26:20] INFO:   Changes detected: YES
[2024-09-15 08:26:21] INFO:   Changed files: 8
[2024-09-15 08:26:22] INFO:   New commits: 4
[2024-09-15 08:26:23] INFO: Trigger information:
[2024-09-15 08:26:24] INFO:   Triggered by: SCM change
[2024-09-15 08:26:25] INFO:   Upstream project: data-migration-job #892
[2024-09-15 08:26:26] INFO:   Triggered at: 2024-09-15 08:23:45
[2024-09-15 08:26:27] INFO: Console output saved to: /var/lib/jenkins/jobs/legacy-payment-service/builds/247/log
[2024-09-15 08:26:28] INFO: Build artifacts location: /var/lib/jenkins/jobs/legacy-payment-service/builds/247/archive
[2024-09-15 08:26:29] INFO: Test reports location: /var/lib/jenkins/jobs/legacy-payment-service/builds/247/testReport
[2024-09-15 08:26:30] ERROR: Critical build failure - manual intervention required
[2024-09-15 08:26:31] INFO: Recommended actions:
[2024-09-15 08:26:32] INFO:   1. Review compilation errors in LegacyPaymentGateway.java
[2024-09-15 08:26:33] INFO:   2. Update code to use new API classes (PaymentResult instead of PaymentResponse)
[2024-09-15 08:26:34] INFO:   3. Fix TransactionId type conversions throughout the codebase
[2024-09-15 08:26:35] INFO:   4. Update DataSource method calls to match current library version
[2024-09-15 08:26:36] INFO:   5. Add proper exception handling in CryptoHelper class
[2024-09-15 08:26:37] INFO:   6. Run local build to verify fixes before committing
[2024-09-15 08:26:38] INFO:   7. Consider reverting recent API changes if urgent deployment needed
[2024-09-15 08:26:39] INFO: Related documentation:
[2024-09-15 08:26:40] INFO:   - API Migration Guide: https://wiki.company.com/payment-api-v3-migration
[2024-09-15 08:26:41] INFO:   - Value Objects Pattern: https://wiki.company.com/patterns/value-objects
[2024-09-15 08:26:42] INFO:   - DataSource Configuration: https://wiki.company.com/datasource-setup
[2024-09-15 08:26:43] INFO: Contact information for assistance:
[2024-09-15 08:26:44] INFO:   - Tech Lead: mike.johnson@company.com
[2024-09-15 08:26:45] INFO:   - DevOps Team: devops@company.com
[2024-09-15 08:26:46] INFO:   - Architecture Team: architecture@company.com
[2024-09-15 08:26:47] INFO: Notification sent to Slack channel: #payment-service-builds
[2024-09-15 08:26:48] INFO: Notification sent to PagerDuty: incident #PS-2024-0915-001
[2024-09-15 08:26:49] INFO: JIRA ticket created: BUILD-4782
[2024-09-15 08:26:50] INFO: Build failure analysis complete
[2024-09-15 08:26:51] INFO: Next scheduled build: 2024-09-15 09:00:00 (or on SCM change)
[2024-09-15 08:26:52] INFO: Auto-retry disabled for compilation failures
[2024-09-15 08:26:53] INFO: Manual build trigger available at: https://jenkins.company.com/job/legacy-payment-service/build
[2024-09-15 08:26:54] INFO: ========================================
[2024-09-15 08:26:54] INFO: END OF BUILD LOG
[2024-09-15 08:26:55] INFO: ========================================