2024-01-15 08:23:15 ERROR: NullPointerException in payment processing
Traceback (most recent call last):
  File "/opt/app/src/services/payment.py", line 156, in process_payment
    result = gateway.charge(amount, card_token)
  File "/opt/app/src/gateways/stripe_gateway.py", line 89, in charge
    response = self.client.post(endpoint, data=payload)
  File "/usr/lib/python3.9/site-packages/requests/api.py", line 112, in post
    return request('post', url, data=data, json=json, **kwargs)
  File "/usr/lib/python3.9/site-packages/requests/api.py", line 58, in request
    return session.request(method=method, url=url, **kwargs)
  File "/usr/lib/python3.9/site-packages/requests/sessions.py", line 520, in request
    resp = self.send(prep, **send_kwargs)
NullPointerException: 'NoneType' object has no attribute 'card_number'

2024-01-15 08:45:32 ERROR: Database connection failed
Traceback (most recent call last):
  File "/opt/app/main.py", line 142, in connect
    conn = psycopg2.connect(dsn)
  File "/usr/lib/python3.9/site-packages/psycopg2/__init__.py", line 122, in connect
    conn = _connect(dsn, connection_factory=connection_factory, **kwasync)
  File "/usr/lib/python3.9/site-packages/psycopg2/extensions.py", line 287, in _connect
    return connection_factory(dsn, **kwargs)
psycopg2.OperationalError: could not connect to server: Connection refused
	Is the server running on host "db.internal" (10.0.1.45) and accepting
	TCP/IP connections on port 5432?

2024-01-15 09:12:47 ERROR: FileNotFoundException during report generation
Traceback (most recent call last):
  File "/opt/app/src/reports/generator.py", line 234, in generate_monthly_report
    template = self.load_template(template_name)
  File "/opt/app/src/reports/generator.py", line 89, in load_template
    with open(template_path, 'r') as f:
  File "/usr/lib/python3.9/os.py", line 45, in open
    return io.open(fd, mode, buffering, encoding, errors, newline, closefd, opener)
FileNotFoundException: [Errno 2] No such file or directory: '/opt/app/templates/monthly_report_v2.html'

2024-01-15 09:34:21 ERROR: ConnectionTimeout in API call
Traceback (most recent call last):
  File "/opt/app/src/api/client.py", line 178, in fetch_user_data
    response = requests.get(url, timeout=5)
  File "/usr/lib/python3.9/site-packages/requests/api.py", line 75, in get
    return request('get', url, params=params, **kwargs)
  File "/usr/lib/python3.9/site-packages/requests/api.py", line 61, in request
    return session.request(method=method, url=url, **kwargs)
  File "/usr/lib/python3.9/site-packages/requests/sessions.py", line 542, in request
    resp = self.send(prep, **send_kwargs)
  File "/usr/lib/python3.9/site-packages/requests/sessions.py", line 655, in send
    r = adapter.send(request, **kwargs)
  File "/usr/lib/python3.9/site-packages/requests/adapters.py", line 504, in send
    raise ConnectionTimeout(e, request=request)
requests.exceptions.ConnectionTimeout: HTTPSConnectionPool(host='api.external.com', port=443): Read timed out. (read timeout=5)

2024-01-15 10:05:55 ERROR: DatabaseError in user query
Traceback (most recent call last):
  File "/opt/app/src/models/user.py", line 267, in get_user_by_email
    cursor.execute(query, (email,))
  File "/usr/lib/python3.9/site-packages/psycopg2/cursor.py", line 147, in execute
    return super(DictCursor, self).execute(query, vars)
  File "/usr/lib/python3.9/site-packages/psycopg2/extensions.py", line 234, in execute
    self._execute_query(query)
psycopg2.errors.UndefinedTable: relation "users_v2" does not exist
LINE 1: SELECT * FROM users_v2 WHERE email = $1
                      ^

2024-01-15 10:28:13 ERROR: JSONDecodeError in response parsing
Traceback (most recent call last):
  File "/opt/app/src/services/inventory.py", line 145, in sync_inventory
    data = json.loads(response.text)
  File "/usr/lib/python3.9/json/__init__.py", line 346, in loads
    return _default_decoder.decode(s)
  File "/usr/lib/python3.9/json/decoder.py", line 337, in decode
    obj, end = self.raw_decode(s, idx=_w(s, 0).end())
  File "/usr/lib/python3.9/json/decoder.py", line 355, in raw_decode
    raise JSONDecodeError("Expecting value", s, err.value) from None
json.decoder.JSONDecodeError: Expecting value: line 1 column 1 (char 0)

2024-01-15 11:15:42 ERROR: MemoryError during image processing
Traceback (most recent call last):
  File "/opt/app/src/media/processor.py", line 198, in resize_batch
    img = Image.open(file_path)
  File "/usr/lib/python3.9/site-packages/PIL/Image.py", line 2847, in open
    im = _open_core(fp, filename, prefix)
  File "/usr/lib/python3.9/site-packages/PIL/Image.py", line 2834, in _open_core
    im.load()
  File "/usr/lib/python3.9/site-packages/PIL/ImageFile.py", line 269, in load
    self.load_prepare()
  File "/usr/lib/python3.9/site-packages/PIL/ImageFile.py", line 93, in load_prepare
    self.im = Image.core.new(self.mode, self.size)
MemoryError: Unable to allocate 1.2 GiB for an array with shape (4096, 8192, 4) and data type uint8

2024-01-15 11:42:09 ERROR: KeyError in session management
Traceback (most recent call last):
  File "/opt/app/src/auth/session.py", line 112, in get_session_data
    user_id = session_data['user_id']
  File "/usr/lib/python3.9/collections/__init__.py", line 897, in __getitem__
    return self.__dict__[key]
KeyError: 'user_id'

2024-01-15 12:08:27 ERROR: IndexError in data processing
Traceback (most recent call last):
  File "/opt/app/src/analytics/processor.py", line 289, in calculate_metrics
    first_value = data_points[0]
  File "/usr/lib/python3.9/collections/abc.py", line 895, in __getitem__
    return self._data[index]
IndexError: list index out of range

2024-01-15 12:35:44 ERROR: AttributeError in object serialization
Traceback (most recent call last):
  File "/opt/app/src/serializers/json_serializer.py", line 156, in serialize
    result = obj.to_dict()
  File "/opt/app/src/models/order.py", line 234, in to_dict
    'customer': self.customer.name,
AttributeError: 'NoneType' object has no attribute 'name'

2024-01-15 13:12:18 ERROR: ValidationError in form submission
Traceback (most recent call last):
  File "/opt/app/src/forms/validator.py", line 203, in validate_registration
    self.check_email_format(email)
  File "/opt/app/src/forms/validator.py", line 89, in check_email_format
    if not re.match(pattern, email):
  File "/usr/lib/python3.9/re.py", line 190, in match
    return _compile(pattern, flags).match(string)
  File "/opt/app/src/forms/validator.py", line 92, in check_email_format
    raise ValidationError("Invalid email format")
ValueError: Invalid email format: missing @ symbol

2024-01-15 13:47:55 ERROR: PermissionError in file upload
Traceback (most recent call last):
  File "/opt/app/src/storage/uploader.py", line 167, in save_file
    with open(destination, 'wb') as f:
  File "/usr/lib/python3.9/os.py", line 45, in open
    return io.open(fd, mode, buffering, encoding, errors, newline, closefd, opener)
PermissionError: [Errno 13] Permission denied: '/var/uploads/documents/report_2024.pdf'

2024-01-15 14:21:33 ERROR: IntegrityError in database transaction
Traceback (most recent call last):
  File "/opt/app/src/models/product.py", line 345, in create_product
    db.session.commit()
  File "/usr/lib/python3.9/site-packages/sqlalchemy/orm/session.py", line 1428, in commit
    self._transaction.commit()
  File "/usr/lib/python3.9/site-packages/sqlalchemy/orm/session.py", line 829, in commit
    self._prepare_impl()
  File "/usr/lib/python3.9/site-packages/sqlalchemy/orm/session.py", line 808, in _prepare_impl
    self.session.flush()
  File "/usr/lib/python3.9/site-packages/sqlalchemy/orm/session.py", line 3383, in flush
    self._flush(objects)
sqlalchemy.exc.IntegrityError: (psycopg2.errors.UniqueViolation) duplicate key value violates unique constraint "products_sku_key"
DETAIL:  Key (sku)=(PROD-12345) already exists.

2024-01-15 14:58:07 ERROR: TimeoutError in cache operation
Traceback (most recent call last):
  File "/opt/app/src/cache/redis_client.py", line 123, in get_cached_data
    value = self.redis.get(key)
  File "/usr/lib/python3.9/site-packages/redis/client.py", line 1698, in get
    return self.execute_command('GET', name)
  File "/usr/lib/python3.9/site-packages/redis/client.py", line 898, in execute_command
    conn = self.connection or pool.get_connection(command_name, **options)
  File "/usr/lib/python3.9/site-packages/redis/connection.py", line 1192, in get_connection
    connection.connect()
  File "/usr/lib/python3.9/site-packages/redis/connection.py", line 563, in connect
    sock = self._connect()
redis.exceptions.TimeoutError: Timeout connecting to Redis server at redis.internal:6379

2024-01-15 15:34:29 ERROR: ImportError in module loading
Traceback (most recent call last):
  File "/opt/app/src/plugins/loader.py", line 89, in load_plugin
    module = importlib.import_module(module_name)
  File "/usr/lib/python3.9/importlib/__init__.py", line 127, in import_module
    return _bootstrap._gcd_import(name[level:], package, level)
  File "<frozen importlib._bootstrap>", line 1030, in _gcd_import
  File "<frozen importlib._bootstrap>", line 1007, in _find_and_load
  File "<frozen importlib._bootstrap>", line 972, in _find_and_load_unlocked
  File "<frozen importlib._bootstrap>", line 228, in _call_with_frames_removed
ImportError: cannot import name 'PaymentProcessor' from 'plugins.payment'

2024-01-15 16:11:51 ERROR: TypeError in calculation function
Traceback (most recent call last):
  File "/opt/app/src/billing/calculator.py", line 234, in calculate_total
    total = sum(item.price * item.quantity for item in items)
  File "/opt/app/src/billing/calculator.py", line 234, in <genexpr>
    total = sum(item.price * item.quantity for item in items)
TypeError: unsupported operand type(s) for *: 'str' and 'int'

2024-01-15 16:48:14 ERROR: OSError in socket communication
Traceback (most recent call last):
  File "/opt/app/src/network/tcp_server.py", line 178, in handle_connection
    data = sock.recv(4096)
  File "/usr/lib/python3.9/socket.py", line 669, in recv
    return self._sock.recv(bufsize, flags)
OSError: [Errno 104] Connection reset by peer

2024-01-15 17:25:37 ERROR: ValueError in data conversion
Traceback (most recent call last):
  File "/opt/app/src/utils/converter.py", line 145, in convert_to_int
    result = int(value)
  File "/usr/lib/python3.9/builtins.py", line 142, in __init__
    raise ValueError(f"invalid literal for int() with base 10: {value!r}")
ValueError: invalid literal for int() with base 10: 'N/A'

2024-01-15 18:02:59 ERROR: RuntimeError in thread execution
Traceback (most recent call last):
  File "/opt/app/src/workers/background_task.py", line 267, in run_task
    result = self.execute()
  File "/opt/app/src/workers/email_sender.py", line 156, in execute
    self.smtp_client.send(message)
  File "/usr/lib/python3.9/smtplib.py", line 867, in send_message
    self.send(from_addr, to_addrs, flatmsg, mail_options, rcpt_options)
  File "/usr/lib/python3.9/smtplib.py", line 782, in send
    raise SMTPServerDisconnected('please run connect() first')
RuntimeError: SMTP server disconnected unexpectedly

2024-01-15 18:40:22 ERROR: UnicodeDecodeError in file reading
Traceback (most recent call last):
  File "/opt/app/src/parsers/csv_parser.py", line 189, in parse_file
    content = f.read()
  File "/usr/lib/python3.9/codecs.py", line 322, in decode
    (result, consumed) = self._buffer_decode(data, self.errors, final)
UnicodeDecodeError: 'utf-8' codec can't decode byte 0xff in position 15: invalid start byte

2024-01-15 19:17:45 ERROR: SSLError in HTTPS request
Traceback (most recent call last):
  File "/opt/app/src/api/webhook.py", line 134, in send_webhook
    response = requests.post(url, json=payload, verify=True)
  File "/usr/lib/python3.9/site-packages/requests/api.py", line 112, in post
    return request('post', url, data=data, json=json, **kwargs)
  File "/usr/lib/python3.9/site-packages/requests/adapters.py", line 514, in send
    raise SSLError(e, request=request)
requests.exceptions.SSLError: HTTPSConnectionPool(host='webhook.example.com', port=443): Max retries exceeded with url: /notify (Caused by SSLError(SSLCertVerificationError("certificate verify failed: self signed certificate")))

2024-01-15 19:55:08 ERROR: ZeroDivisionError in metric calculation
Traceback (most recent call last):
  File "/opt/app/src/analytics/metrics.py", line 201, in calculate_average
    avg = total / count
ZeroDivisionError: division by zero

2024-01-15 20:32:31 ERROR: LookupError in dictionary access
Traceback (most recent call last):
  File "/opt/app/src/config/loader.py", line 167, in get_config_value
    return self.config[section][key]
  File "/usr/lib/python3.9/collections/__init__.py", line 897, in __getitem__
    return self.__dict__[key]
KeyError: 'database'

2024-01-15 21:09:54 ERROR: OverflowError in numeric operation
Traceback (most recent call last):
  File "/opt/app/src/math/calculator.py", line 234, in compute_factorial
    result = math.factorial(n)
  File "/usr/lib/python3.9/math.py", line 45, in factorial
    raise OverflowError("factorial() argument should not exceed 170")
OverflowError: factorial() argument should not exceed 170

2024-01-15 21:47:17 ERROR: NotImplementedError in abstract method
Traceback (most recent call last):
  File "/opt/app/src/services/payment_processor.py", line 178, in process
    return self.charge(amount)
  File "/opt/app/src/services/base_processor.py", line 89, in charge
    raise NotImplementedError("Subclass must implement charge()")
NotImplementedError: Subclass must implement charge()

2024-01-15 22:24:40 ERROR: RecursionError in nested function call
Traceback (most recent call last):
  File "/opt/app/src/utils/tree_walker.py", line 156, in traverse
    self.traverse(node.left)
  File "/opt/app/src/utils/tree_walker.py", line 156, in traverse
    self.traverse(node.left)
  File "/opt/app/src/utils/tree_walker.py", line 156, in traverse
    self.traverse(node.left)
  [Previous line repeated 996 more times]
RecursionError: maximum recursion depth exceeded

2024-01-15 23:01:03 ERROR: AssertionError in data validation
Traceback (most recent call last):
  File "/opt/app/src/validators/schema.py", line 234, in validate_schema
    assert len(data) > 0, "Data cannot be empty"
AssertionError: Data cannot be empty

2024-01-16 00:38:26 ERROR: StopIteration in generator function
Traceback (most recent call last):
  File "/opt/app/src/iterators/data_stream.py", line 189, in get_next_batch
    return next(self.generator)
StopIteration

2024-01-16 01:15:49 ERROR: BufferError in memory operation
Traceback (most recent call last):
  File "/opt/app/src/memory/buffer_manager.py", line 167, in write_buffer
    buffer.write(data)
BufferError: Existing exports of data: object cannot be re-sized

2024-01-16 01:53:12 ERROR: EOFError in file reading
Traceback (most recent call last):
  File "/opt/app/src/io/file_reader.py", line 145, in read_pickle
    data = pickle.load(f)
  File "/usr/lib/python3.9/pickle.py", line 1212, in load
    dispatch[key[0]](self)
EOFError: Ran out of input

2024-01-16 02:30:35 ERROR: BlockingIOError in non-blocking socket
Traceback (most recent call last):
  File "/opt/app/src/network/async_client.py", line 234, in send_data
    sock.send(data)
  File "/usr/lib/python3.9/socket.py", line 724, in send
    return self._sock.send(b)
BlockingIOError: [Errno 11] Resource temporarily unavailable

2024-01-16 03:07:58 ERROR: ChildProcessError in subprocess management
Traceback (most recent call last):
  File "/opt/app/src/tasks/executor.py", line 178, in wait_for_completion
    process.wait(timeout=30)
  File "/usr/lib/python3.9/subprocess.py", line 1189, in wait
    return self._wait(timeout=timeout)
ChildProcessError: [Errno 10] No child processes

2024-01-16 03:45:21 ERROR: BrokenPipeError in pipe communication
Traceback (most recent call last):
  File "/opt/app/src/ipc/pipe_handler.py", line 156, in write_to_pipe
    pipe.write(message)
  File "/usr/lib/python3.9/io.py", line 1785, in write
    n = self.buffer.write(b)
BrokenPipeError: [Errno 32] Broken pipe

2024-01-16 04:22:44 ERROR: ConnectionAbortedError in network operation
Traceback (most recent call last):
  File "/opt/app/src/network/server.py", line 267, in handle_request
    data = conn.recv(8192)
  File "/usr/lib/python3.9/socket.py", line 669, in recv
    return self._sock.recv(bufsize, flags)
ConnectionAbortedError: [Errno 103] Software caused connection abort

2024-01-16 05:00:07 ERROR: ConnectionRefusedError in TCP connection
Traceback (most recent call last):
  File "/opt/app/src/client/tcp_client.py", line 189, in connect
    sock.connect((host, port))
  File "/usr/lib/python3.9/socket.py", line 844, in connect
    self._sock.connect(address)
ConnectionRefusedError: [Errno 111] Connection refused

2024-01-16 05:37:30 ERROR: ConnectionResetError in data transfer
Traceback (most recent call last):
  File "/opt/app/src/transfer/file_sender.py", line 234, in send_chunk
    sock.sendall(chunk)
  File "/usr/lib/python3.9/socket.py", line 724, in sendall
    return self._sock.sendall(b)
ConnectionResetError: [Errno 104] Connection reset by peer

2024-01-16 06:14:53 ERROR: InterruptedError in system call
Traceback (most recent call last):
  File "/opt/app/src/system/signal_handler.py", line 156, in wait_for_signal
    time.sleep(1)
InterruptedError: [Errno 4] Interrupted system call

2024-01-16 06:52:16 ERROR: IsADirectoryError in file operation
Traceback (most recent call last):
  File "/opt/app/src/filesystem/file_handler.py", line 178, in read_file
    with open(path, 'r') as f:
  File "/usr/lib/python3.9/os.py", line 45, in open
    return io.open(fd, mode, buffering, encoding, errors, newline, closefd, opener)
IsADirectoryError: [Errno 21] Is a directory: '/opt/app/data'

2024-01-16 07:29:39 ERROR: NotADirectoryError in directory operation
Traceback (most recent call last):
  File "/opt/app/src/filesystem/dir_handler.py", line 201, in list_files
    files = os.listdir(path)
NotADirectoryError: [Errno 20] Not a directory: '/opt/app/config.json'

2024-01-16 08:07:02 ERROR: ProcessLookupError in process management
Traceback (most recent call last):
  File "/opt/app/src/process/manager.py", line 234, in kill_process
    os.kill(pid, signal.SIGTERM)
ProcessLookupError: [Errno 3] No such process

2024-01-16 08:44:25 ERROR: TimeoutExpired in subprocess execution
Traceback (most recent call last):
  File "/opt/app/src/tasks/runner.py", line 167, in execute_command
    result = subprocess.run(cmd, timeout=10, capture_output=True)
  File "/usr/lib/python3.9/subprocess.py", line 507, in run
    stdout, stderr = process.communicate(input, timeout=timeout)
  File "/usr/lib/python3.9/subprocess.py", line 1134, in communicate
    stdout, stderr = self._communicate(input, endtime, timeout)
subprocess.TimeoutExpired: Command '['./slow_script.sh']' timed out after 10 seconds

2024-01-16 09:21:48 ERROR: ReferenceError in weak reference
Traceback (most recent call last):
  File "/opt/app/src/memory/cache.py", line 189, in get_cached_object
    obj = self.weak_refs[key]()
ReferenceError: weakly-referenced object no longer exists

2024-01-16 09:59:11 ERROR: SystemError in internal operation
Traceback (most recent call last):
  File "/opt/app/src/core/engine.py", line 267, in process
    result = self._internal_process(data)
SystemError: NULL result without error in PyObject_Call

2024-01-16 10:36:34 ERROR: ModuleNotFoundError in import
Traceback (most recent call last):
  File "/opt/app/src/plugins/loader.py", line 145, in load_module
    module = __import__(module_name)
ModuleNotFoundError: No module named 'external_plugin'

2024-01-16 11:13:57 ERROR: UnboundLocalError in variable access
Traceback (most recent call last):
  File "/opt/app/src/utils/helper.py", line 178, in process_data
    result = local_var + 10
UnboundLocalError: local variable 'local_var' referenced before assignment

2024-01-16 11:51:20 ERROR: SyntaxError in dynamic code execution
Traceback (most recent call last):
  File "/opt/app/src/eval/code_runner.py", line 156, in execute_code
    exec(code_string)
  File "<string>", line 1
    if x = 5:
       ^
SyntaxError: invalid syntax

2024-01-16 12:28:43 ERROR: IndentationError in code parsing
Traceback (most recent call last):
  File "/opt/app/src/parsers/python_parser.py", line 189, in parse
    compile(source, filename, 'exec')
  File "/tmp/user_script.py", line 10
    print("Hello")
    ^
IndentationError: unexpected indent

2024-01-16 13:06:06 ERROR: TabError in mixed indentation
Traceback (most recent call last):
  File "/opt/app/src/validators/code_validator.py", line 201, in validate
    compile(code, '<string>', 'exec')
  File "<string>", line 5
    	return x + y
                   ^
TabError: inconsistent use of tabs and spaces in indentation